<?xml version="1.0" encoding="UTF-8"?>
<!-- Generated by org.testng.reporters.JUnitReportReporter -->
<testsuite hostname="Avyak02" failures="0" tests="6" name="LearningTestNG.GoogleTest" time="25.224" errors="0" timestamp="2021-07-28T18:06:53 IST" skipped="0">
  <testcase classname="LearningTestNG.GoogleTest" name="googleTitleTest" time="4.100"/>
  <system-out/>
  <testcase classname="LearningTestNG.GoogleTest" name="googleLogoTest" time="5.124"/>
  <system-out/>
  <testcase classname="LearningTestNG.GoogleTest" name="gmailLinkTest" time="4.056"/>
  <system-out/>
  <testcase classname="LearningTestNG.GoogleTest" name="imageLinkTest" time="4.431"/>
  <system-out/>
  <testcase classname="LearningTestNG.GoogleTest" name="test1" time="3.955"/>
  <system-out/>
  <testcase classname="LearningTestNG.GoogleTest" name="test2" time="3.558"/>
  <system-out/>
</testsuite> <!-- LearningTestNG.GoogleTest -->
