<?xml version="1.0" encoding="UTF-8"?>
<!-- Generated by org.testng.reporters.JUnitReportReporter -->
<testsuite hostname="Avyak02" failures="0" tests="3" name="LearningTestNG.TestNGBasics" time="0.008" errors="0" timestamp="2021-07-28T18:06:53 IST" skipped="0">
  <testcase classname="LearningTestNG.TestNGBasics" name="searchTest" time="0.003"/>
  <system-out/>
  <testcase classname="LearningTestNG.TestNGBasics" name="googleLogoTest" time="0.002"/>
  <system-out/>
  <testcase classname="LearningTestNG.TestNGBasics" name="googleTitleTest" time="0.003"/>
  <system-out/>
</testsuite> <!-- LearningTestNG.TestNGBasics -->
